\BOOKMARK [-1][]{part.1}{\376\377\000I\000\040\000I\000n\000t\000r\000o\000d\000u\000c\000t\000i\000o\000n}{}% 1
\BOOKMARK [-1][]{part.2}{\376\377\000I\000I\000\040\000w\000a\000n\000n\000i\000e\000r\0009\0000\000.\000x}{}% 2
\BOOKMARK [0][-]{chapter.1}{\376\377\000\040\217\157\116\366\144\055\136\372}{part.2}% 3
\BOOKMARK [0][-]{chapter.2}{\376\377\000\040\117\177\165\050\145\271\154\325}{part.2}% 4
\BOOKMARK [0][-]{chapter.3}{\376\377\000\040\000P\000r\000o\000j\000e\000c\000t\000i\000o\000n\000s}{part.2}% 5
\BOOKMARK [0][-]{chapter.4}{\376\377\000\040\000C\000o\000d\000e\000\040\000O\000v\000e\000r\000v\000i\000e\000w}{part.2}% 6
\BOOKMARK [0][-]{chapter.5}{\376\377\000\040\000w\000a\000n\000n\000i\000e\000r\0009\0000\000\040\000a\000s\000\040\000a\000\040\000p\000o\000s\000t\000-\000p\000r\000o\000c\000e\000s\000s\000i\000n\000g\000\040\000t\000o\000o\000l}{part.2}% 7
\BOOKMARK [0][-]{chapter.6}{\376\377\000\040\000w\000a\000n\000n\000i\000e\000r\0009\0000\000\040\000a\000s\000\040\000a\000\040\000l\000i\000b\000r\000a\000r\000y}{part.2}% 8
\BOOKMARK [0][-]{chapter.7}{\376\377\000\040\000T\000r\000a\000n\000s\000p\000o\000r\000t\000\040\000C\000a\000l\000c\000u\000l\000a\000t\000i\000o\000n\000s\000\040\000w\000i\000t\000h\000\040\000w\000a\000n\000n\000i\000e\000r\0009\0000\000\040}{part.2}% 9
\BOOKMARK [0][-]{chapter.8}{\376\377\000\040\000F\000i\000l\000e\000s}{part.2}% 10
\BOOKMARK [0][-]{chapter.9}{\376\377\000\040\000S\000o\000m\000e\000\040\000n\000o\000t\000e\000s\000\040\000o\000n\000\040\000t\000h\000e\000\040\000i\000n\000t\000e\000r\000p\000o\000l\000a\000t\000i\000o\000n}{part.2}% 11
\BOOKMARK [0][-]{chapter.10}{\376\377\000\040\000S\000a\000m\000p\000l\000e\000\040\000I\000n\000p\000u\000t\000\040\000F\000i\000l\000e\000s}{part.2}% 12
\BOOKMARK [-1][]{part.3}{\376\377\000I\000I\000I\000\040\000p\000o\000s\000t\000w\0009\0000\000.\000x}{}% 13
\BOOKMARK [0][-]{chapter.11}{\376\377\000\040\000P\000a\000r\000a\000m\000e\000t\000e\000r\000s}{part.3}% 14
\BOOKMARK [0][-]{chapter.12}{\376\377\000\040\000O\000v\000e\000r\000v\000i\000e\000w\000\040\000o\000f\000\040\000t\000h\000e\000\040\000b\000e\000r\000r\000y\000\040\000m\000o\000d\000u\000l\000e}{part.3}% 15
\BOOKMARK [0][-]{chapter.13}{\376\377\000\040\000O\000v\000e\000r\000v\000i\000e\000w\000\040\000o\000f\000\040\000t\000h\000e\000\040\000g\000y\000r\000o\000t\000r\000o\000p\000i\000c\000\040\000m\000o\000d\000u\000l\000e\000\040}{part.3}% 16
\BOOKMARK [0][-]{chapter.14}{\376\377\000\040\000E\000l\000e\000c\000t\000r\000o\000n\000i\000c\000\040\000t\000r\000a\000n\000s\000p\000o\000r\000t\000\040\000c\000a\000l\000c\000u\000l\000a\000t\000i\000o\000n\000s\000\040\000w\000i\000t\000h\000\040\000t\000h\000e\000\040\000B\000o\000l\000t\000z\000W\000a\000n\000n\000\040\000m\000o\000d\000u\000l\000e}{part.3}% 17
\BOOKMARK [0][-]{chapter.15}{\376\377\000\040\000G\000e\000n\000e\000r\000i\000c\000\040\000B\000a\000n\000d\000\040\000i\000n\000t\000e\000r\000p\000o\000l\000a\000t\000i\000o\000n}{part.3}% 18
\BOOKMARK [-1][]{part.4}{\376\377\000I\000V\000\040\000A\000p\000p\000e\000n\000d\000i\000c\000e\000s}{}% 19
\BOOKMARK [0][-]{appendix.A}{\376\377\000\040\000U\000t\000i\000l\000i\000t\000i\000e\000s}{part.4}% 20
\BOOKMARK [0][-]{appendix.B}{\376\377\000\040\000F\000r\000e\000q\000u\000e\000n\000t\000l\000y\000\040\000A\000s\000k\000e\000d\000\040\000Q\000u\000e\000s\000t\000i\000o\000n\000s}{part.4}% 21
